<?xml version="1.0" encoding="UTF-8"?>
<!-- Generated by org.testng.reporters.JUnitXMLReporter -->
<testsuite ignored="0" hostname="Batman" failures="2" tests="3" name="Test" time="60.499" errors="0" timestamp="2024-07-18T01:39:38 IST">
  <testcase classname="TDD.Testcase.TestCase_002" name="TestValidation" time="24.806"/>
  <testcase classname="TDD.Testcase.TestCase_001" name="LoginValidation" time="21.825">
    <failure type="java.lang.IndexOutOfBoundsException">
      <![CDATA[java.lang.IndexOutOfBoundsException
at org.apache.xmlbeans.impl.store.Xobj.removeElement(Xobj.java:2099)
at org.apache.xmlbeans.impl.store.Xobj.remove_element(Xobj.java:2130)
at org.openxmlformats.schemas.spreadsheetml.x2006.main.impl.CTRowImpl.removeC(CTRowImpl.java:146)
at org.apache.poi.xssf.usermodel.XSSFRow.fixupCTCells(XSSFRow.java:612)
at org.apache.poi.xssf.usermodel.XSSFRow.onDocumentWrite(XSSFRow.java:582)
at org.apache.poi.xssf.usermodel.XSSFSheet.write(XSSFSheet.java:3806)
at org.apache.poi.xssf.usermodel.XSSFSheet.commit(XSSFSheet.java:3749)
at org.apache.poi.ooxml.POIXMLDocumentPart.onSave(POIXMLDocumentPart.java:467)
at org.apache.poi.ooxml.POIXMLDocumentPart.onSave(POIXMLDocumentPart.java:472)
at org.apache.poi.ooxml.POIXMLDocument.write(POIXMLDocument.java:221)
at TDD.Testcase.TestCase_001.LoginValidation(TestCase_001.java:65)
at java.base/java.util.ArrayList.forEach(ArrayList.java:1511)
... Removed 25 stack frames]]>
    </failure>
  </testcase> <!-- LoginValidation -->
  <testcase classname="TDD.Testcase.Negative_TestCase" name="TestValidation" time="13.406">
    <failure type="org.apache.poi.EmptyFileException" message="The supplied file was empty (zero bytes long)">
      <![CDATA[org.apache.poi.EmptyFileException: The supplied file was empty (zero bytes long)
at org.apache.poi.util.IOUtils.peekFirstNBytes(IOUtils.java:144)
at org.apache.poi.poifs.filesystem.FileMagic.valueOf(FileMagic.java:209)
at org.apache.poi.openxml4j.opc.internal.ZipHelper.verifyZipHeader(ZipHelper.java:143)
at org.apache.poi.openxml4j.opc.internal.ZipHelper.openZipStream(ZipHelper.java:175)
at org.apache.poi.openxml4j.opc.ZipPackage.<init>(ZipPackage.java:130)
at org.apache.poi.openxml4j.opc.OPCPackage.open(OPCPackage.java:319)
at org.apache.poi.ooxml.util.PackageHelper.open(PackageHelper.java:59)
at org.apache.poi.xssf.usermodel.XSSFWorkbook.<init>(XSSFWorkbook.java:290)
at org.apache.poi.xssf.usermodel.XSSFWorkbook.<init>(XSSFWorkbook.java:286)
at TDD.Testcase.Negative_TestCase.TestValidation(Negative_TestCase.java:30)
at java.base/java.util.ArrayList.forEach(ArrayList.java:1511)
... Removed 25 stack frames]]>
    </failure>
  </testcase> <!-- TestValidation -->
</testsuite> <!-- Test -->
