<?xml version="1.0" encoding="UTF-8"?>
<testng-results ignored="0" total="1" passed="1" failed="0" skipped="0">
  <reporter-output>
  </reporter-output>
  <suite started-at="2024-07-18T01:40:05 IST" name="Default suite" finished-at="2024-07-18T01:40:36 IST" duration-ms="30979">
    <groups>
    </groups>
    <test started-at="2024-07-18T01:40:05 IST" name="Default test" finished-at="2024-07-18T01:40:36 IST" duration-ms="30979">
      <class name="TDD.Testcase.TestCase_001">
        <test-method signature="LoginValidation()[pri:1, instance:TDD.Testcase.TestCase_001@30f842ca]" started-at="2024-07-18T01:40:05 IST" name="LoginValidation" finished-at="2024-07-18T01:40:36 IST" duration-ms="30599" status="PASS">
          <reporter-output>
          </reporter-output>
        </test-method> <!-- LoginValidation -->
      </class> <!-- TDD.Testcase.TestCase_001 -->
    </test> <!-- Default test -->
  </suite> <!-- Default suite -->
</testng-results>
