<?xml version="1.0" encoding="UTF-8"?>
<testng-results ignored="0" total="1" passed="1" failed="0" skipped="0">
  <reporter-output>
  </reporter-output>
  <suite started-at="2024-07-18T01:23:22 IST" name="Default suite" finished-at="2024-07-18T01:23:45 IST" duration-ms="23167">
    <groups>
    </groups>
    <test started-at="2024-07-18T01:23:22 IST" name="Default test" finished-at="2024-07-18T01:23:45 IST" duration-ms="23167">
      <class name="TDD.Testcase.Negative_TestCase">
        <test-method signature="TestValidation()[pri:0, instance:TDD.Testcase.Negative_TestCase@6e2829c7]" started-at="2024-07-18T01:23:23 IST" name="TestValidation" finished-at="2024-07-18T01:23:45 IST" duration-ms="22816" status="PASS">
          <reporter-output>
          </reporter-output>
        </test-method> <!-- TestValidation -->
      </class> <!-- TDD.Testcase.Negative_TestCase -->
    </test> <!-- Default test -->
  </suite> <!-- Default suite -->
</testng-results>
